App2025/09/12 03:21:51 log.go:60: [main.go:30] INFO:  Initializing...
App2025/09/12 03:21:51 log.go:51: [config.go:60] FATAL:  ENCRYPTION_KEY not set please, generate an Encryption Key of any length, and set it to continue
App2025/09/12 03:21:55 log.go:60: [main.go:30] INFO:  Initializing...
App2025/09/12 03:21:55 log.go:60: [main.go:72] INFO:  Initializing Imagick...
App2025/09/12 03:21:55 log.go:60: [asynq_server.go:56] INFO:  Starting Asynq Server
App2025/09/12 03:21:55 log.go:60: [main.go:128] INFO:  Initialize completed
App2025/09/12 03:21:55 log.go:60: [main.go:129] INFO:  Listening on port 8081
App2025/09/15 12:15:30 log.go:60: [main.go:30] INFO:  Initializing...
App2025/09/15 12:15:30 log.go:51: [config.go:60] FATAL:  ENCRYPTION_KEY not set please, generate an Encryption Key of any length, and set it to continue
App2025/09/15 12:15:34 log.go:60: [main.go:30] INFO:  Initializing...
App2025/09/15 12:15:34 log.go:60: [main.go:72] INFO:  Initializing Imagick...
App2025/09/15 12:15:34 log.go:60: [asynq_server.go:56] INFO:  Starting Asynq Server
App2025/09/15 12:15:34 log.go:60: [main.go:128] INFO:  Initialize completed
App2025/09/15 12:15:34 log.go:60: [main.go:129] INFO:  Listening on port 8081
App2025/09/15 12:16:32 log.go:56: [refresh_token.go:27] ERROR:  Refresh token not found
App2025/09/15 12:28:31 log.go:60: [main.go:30] INFO:  Initializing...
App2025/09/15 12:28:31 log.go:60: [main.go:72] INFO:  Initializing Imagick...
App2025/09/15 12:28:31 log.go:60: [asynq_server.go:56] INFO:  Starting Asynq Server
App2025/09/15 12:28:31 log.go:60: [main.go:128] INFO:  Initialize completed
App2025/09/15 12:28:31 log.go:60: [main.go:129] INFO:  Listening on port 8081
App2025/09/15 12:51:17 log.go:60: [main.go:30] INFO:  Initializing...
App2025/09/15 12:51:17 log.go:60: [main.go:72] INFO:  Initializing Imagick...
App2025/09/15 12:51:17 log.go:60: [asynq_server.go:56] INFO:  Starting Asynq Server
App2025/09/15 12:51:17 log.go:60: [main.go:128] INFO:  Initialize completed
App2025/09/15 12:51:17 log.go:60: [main.go:129] INFO:  Listening on port 8081
App2025/09/15 14:25:12 log.go:60: [main.go:30] INFO:  Initializing...
App2025/09/15 14:25:12 log.go:60: [main.go:72] INFO:  Initializing Imagick...
App2025/09/15 14:25:12 log.go:60: [asynq_server.go:56] INFO:  Starting Asynq Server
App2025/09/15 14:25:12 log.go:60: [main.go:128] INFO:  Initialize completed
App2025/09/15 14:25:12 log.go:60: [main.go:129] INFO:  Listening on port 8081
App2025/09/15 14:25:15 log.go:56: [generic_handler.go:100] ERROR:  crypto/bcrypt: hashedPassword is not the hash of the given password
App2025/09/15 14:25:17 log.go:56: [generic_handler.go:100] ERROR:  crypto/bcrypt: hashedPassword is not the hash of the given password
App2025/09/15 14:27:03 log.go:56: [generic_handler.go:100] ERROR:  invalid column
App2025/09/15 14:27:10 log.go:56: [generic_handler.go:100] ERROR:  invalid column
App2025/09/15 14:30:43 log.go:56: [generic_handler.go:100] ERROR:  invalid column
App2025/09/15 14:30:44 log.go:56: [generic_handler.go:100] ERROR:  invalid column
App2025/09/15 14:31:33 log.go:60: [main.go:30] INFO:  Initializing...
App2025/09/15 14:31:33 log.go:60: [main.go:72] INFO:  Initializing Imagick...
App2025/09/15 14:31:33 log.go:60: [asynq_server.go:56] INFO:  Starting Asynq Server
App2025/09/15 14:31:33 log.go:60: [main.go:128] INFO:  Initialize completed
App2025/09/15 14:31:33 log.go:60: [main.go:129] INFO:  Listening on port 8081
App2025/09/15 14:31:47 log.go:56: [generic_handler.go:100] ERROR:  invalid column
App2025/09/15 14:32:09 log.go:56: [generic_handler.go:100] ERROR:  invalid column
App2025/09/15 14:33:03 log.go:56: [generic_handler.go:100] ERROR:  invalid column
App2025/09/15 14:33:19 log.go:60: [main.go:30] INFO:  Initializing...
App2025/09/15 14:33:19 log.go:60: [main.go:72] INFO:  Initializing Imagick...
App2025/09/15 14:33:19 log.go:60: [asynq_server.go:56] INFO:  Starting Asynq Server
App2025/09/15 14:33:19 log.go:60: [main.go:128] INFO:  Initialize completed
App2025/09/15 14:33:19 log.go:60: [main.go:129] INFO:  Listening on port 8081
App2025/09/15 16:03:23 log.go:60: [main.go:30] INFO:  Initializing...
App2025/09/15 16:03:23 log.go:51: [config.go:60] FATAL:  ENCRYPTION_KEY not set please, generate an Encryption Key of any length, and set it to continue
App2025/09/15 16:03:26 log.go:60: [main.go:30] INFO:  Initializing...
App2025/09/15 16:03:26 log.go:60: [main.go:72] INFO:  Initializing Imagick...
App2025/09/15 16:03:26 log.go:60: [asynq_server.go:56] INFO:  Starting Asynq Server
App2025/09/15 16:03:26 log.go:60: [main.go:128] INFO:  Initialize completed
App2025/09/15 16:03:26 log.go:60: [main.go:129] INFO:  Listening on port 8081
App2025/09/15 16:09:21 log.go:56: [generic_handler.go:100] ERROR:  invalid column
App2025/09/15 16:09:22 log.go:56: [generic_handler.go:100] ERROR:  invalid column
App2025/09/15 17:35:04 log.go:56: [refresh_token.go:77] ERROR:  Refresh token has been used already.
App2025/09/15 17:35:06 log.go:56: [refresh_token.go:27] ERROR:  Refresh token not found
App2025/09/15 17:37:54 log.go:56: [auth.go:92] ERROR:  http: named cookie not present
App2025/09/15 17:38:24 log.go:60: [main.go:30] INFO:  Initializing...
App2025/09/15 17:38:24 log.go:60: [main.go:72] INFO:  Initializing Imagick...
App2025/09/15 17:38:24 log.go:60: [asynq_server.go:56] INFO:  Starting Asynq Server
App2025/09/15 17:38:24 log.go:60: [main.go:128] INFO:  Initialize completed
App2025/09/15 17:38:24 log.go:60: [main.go:129] INFO:  Listening on port 8081
App2025/09/15 17:38:46 log.go:56: [auth.go:92] ERROR:  http: named cookie not present
App2025/09/15 17:39:00 log.go:60: [main.go:30] INFO:  Initializing...
App2025/09/15 17:39:00 log.go:60: [main.go:72] INFO:  Initializing Imagick...
App2025/09/15 17:39:00 log.go:60: [asynq_server.go:56] INFO:  Starting Asynq Server
App2025/09/15 17:39:00 log.go:60: [main.go:128] INFO:  Initialize completed
App2025/09/15 17:39:00 log.go:60: [main.go:129] INFO:  Listening on port 8081
App2025/09/15 17:39:03 log.go:56: [auth.go:92] ERROR:  http: named cookie not present
App2025/09/15 17:40:12 log.go:56: [auth.go:92] ERROR:  http: named cookie not present
App2025/09/15 17:40:13 log.go:56: [auth.go:92] ERROR:  http: named cookie not present
App2025/09/15 17:40:14 log.go:56: [auth.go:92] ERROR:  http: named cookie not present
App2025/09/15 17:40:15 log.go:56: [auth.go:92] ERROR:  http: named cookie not present
App2025/09/15 17:43:36 log.go:56: [auth.go:92] ERROR:  http: named cookie not present
App2025/09/15 17:52:20 log.go:60: [main.go:30] INFO:  Initializing...
App2025/09/15 17:52:20 log.go:60: [main.go:72] INFO:  Initializing Imagick...
App2025/09/15 17:52:20 log.go:60: [asynq_server.go:56] INFO:  Starting Asynq Server
App2025/09/15 17:52:20 log.go:60: [main.go:128] INFO:  Initialize completed
App2025/09/15 17:52:20 log.go:60: [main.go:129] INFO:  Listening on port 8081
App2025/09/15 17:52:48 log.go:56: [auth.go:99] ERROR:  http: named cookie not present
App2025/09/15 17:52:54 log.go:56: [auth.go:99] ERROR:  http: named cookie not present
App2025/09/15 19:24:04 log.go:60: [main.go:30] INFO:  Initializing...
App2025/09/15 19:24:04 log.go:60: [main.go:72] INFO:  Initializing Imagick...
App2025/09/15 19:24:04 log.go:60: [asynq_server.go:56] INFO:  Starting Asynq Server
App2025/09/15 19:24:04 log.go:60: [main.go:128] INFO:  Initialize completed
App2025/09/15 19:24:04 log.go:60: [main.go:129] INFO:  Listening on port 8081
App2025/09/15 19:25:09 log.go:56: [auth.go:99] ERROR:  http: named cookie not present
App2025/09/15 19:25:21 log.go:56: [auth.go:99] ERROR:  http: named cookie not present
App2025/09/15 19:25:22 log.go:56: [auth.go:99] ERROR:  http: named cookie not present
App2025/09/15 19:27:50 log.go:56: [auth.go:99] ERROR:  http: named cookie not present
App2025/09/15 19:27:50 log.go:56: [receipts.go:147] ERROR:  parsing time "2025-09-15" as "2006-01-02T15:04:05Z07:00": cannot parse "" as "T"
App2025/09/15 19:27:54 log.go:56: [auth.go:99] ERROR:  http: named cookie not present
App2025/09/15 19:29:15 log.go:56: [auth.go:99] ERROR:  http: named cookie not present
App2025/09/15 19:29:15 log.go:56: [auth.go:99] ERROR:  http: named cookie not present
App2025/09/15 19:29:15 log.go:56: [auth.go:99] ERROR:  http: named cookie not present
App2025/09/15 19:29:15 log.go:56: [auth.go:99] ERROR:  http: named cookie not present
App2025/09/15 19:29:15 log.go:56: [auth.go:99] ERROR:  http: named cookie not present
App2025/09/15 19:29:25 log.go:56: [auth.go:99] ERROR:  http: named cookie not present
App2025/09/15 19:29:25 log.go:56: [auth.go:99] ERROR:  http: named cookie not present
App2025/09/15 19:29:25 log.go:56: [auth.go:99] ERROR:  http: named cookie not present
App2025/09/15 19:29:25 log.go:56: [auth.go:99] ERROR:  http: named cookie not present
App2025/09/15 19:29:25 log.go:56: [auth.go:99] ERROR:  http: named cookie not present
App2025/09/15 19:29:35 log.go:56: [auth.go:99] ERROR:  http: named cookie not present
App2025/09/15 19:29:35 log.go:56: [auth.go:99] ERROR:  http: named cookie not present
App2025/09/15 19:29:35 log.go:56: [auth.go:99] ERROR:  http: named cookie not present
App2025/09/15 19:29:35 log.go:56: [auth.go:99] ERROR:  http: named cookie not present
App2025/09/15 19:29:36 log.go:56: [auth.go:99] ERROR:  http: named cookie not present
App2025/09/15 19:29:44 log.go:56: [auth.go:99] ERROR:  http: named cookie not present
App2025/09/15 19:29:45 log.go:56: [auth.go:99] ERROR:  http: named cookie not present
App2025/09/15 19:29:45 log.go:56: [auth.go:99] ERROR:  http: named cookie not present
App2025/09/15 19:29:45 log.go:56: [auth.go:99] ERROR:  http: named cookie not present
App2025/09/15 19:29:45 log.go:56: [auth.go:99] ERROR:  http: named cookie not present
App2025/09/15 19:30:17 log.go:56: [auth.go:99] ERROR:  http: named cookie not present
App2025/09/15 19:30:17 log.go:56: [auth.go:99] ERROR:  http: named cookie not present
App2025/09/15 19:30:17 log.go:56: [auth.go:99] ERROR:  http: named cookie not present
App2025/09/15 19:30:17 log.go:56: [generic_handler.go:100] ERROR:  constraint failed: FOREIGN KEY constraint failed (787)
App2025/09/15 19:30:17 log.go:56: [auth.go:99] ERROR:  http: named cookie not present
App2025/09/15 19:30:17 log.go:56: [auth.go:99] ERROR:  http: named cookie not present
App2025/09/15 19:30:26 log.go:56: [auth.go:99] ERROR:  http: named cookie not present
App2025/09/15 19:30:26 log.go:56: [auth.go:99] ERROR:  http: named cookie not present
App2025/09/15 19:30:26 log.go:56: [auth.go:99] ERROR:  http: named cookie not present
App2025/09/15 19:30:26 log.go:56: [generic_handler.go:100] ERROR:  constraint failed: FOREIGN KEY constraint failed (787)
App2025/09/15 20:57:31 log.go:56: [auth.go:99] ERROR:  http: named cookie not present
App2025/09/15 20:58:43 log.go:56: [auth.go:99] ERROR:  http: named cookie not present
App2025/09/15 20:58:44 log.go:56: [auth.go:99] ERROR:  http: named cookie not present
App2025/09/15 20:58:45 log.go:56: [auth.go:99] ERROR:  http: named cookie not present
App2025/09/15 20:58:46 log.go:56: [auth.go:99] ERROR:  http: named cookie not present
App2025/09/15 20:59:25 log.go:56: [auth.go:99] ERROR:  http: named cookie not present
App2025/09/15 20:59:53 log.go:56: [auth.go:99] ERROR:  http: named cookie not present
App2025/09/15 20:59:53 log.go:56: [generic_handler.go:100] ERROR:  database is locked (5) (SQLITE_BUSY)
App2025/09/15 21:00:04 log.go:56: [auth.go:99] ERROR:  http: named cookie not present
App2025/09/15 21:00:44 log.go:56: [auth.go:99] ERROR:  http: named cookie not present
App2025/09/15 21:00:44 log.go:56: [receipts.go:147] ERROR:  parsing time "2025-09-14" as "2006-01-02T15:04:05Z07:00": cannot parse "" as "T"
App2025/09/15 21:00:44 log.go:56: [auth.go:99] ERROR:  http: named cookie not present
App2025/09/15 21:00:44 log.go:56: [receipts.go:147] ERROR:  parsing time "2025-09-13" as "2006-01-02T15:04:05Z07:00": cannot parse "" as "T"
App2025/09/15 21:00:44 log.go:56: [auth.go:99] ERROR:  http: named cookie not present
App2025/09/15 21:00:44 log.go:56: [receipts.go:147] ERROR:  parsing time "2025-09-15" as "2006-01-02T15:04:05Z07:00": cannot parse "" as "T"
App2025/09/15 21:00:44 log.go:56: [auth.go:99] ERROR:  http: named cookie not present
App2025/09/15 21:00:44 log.go:56: [receipts.go:147] ERROR:  parsing time "2025-09-12" as "2006-01-02T15:04:05Z07:00": cannot parse "" as "T"
App2025/09/15 21:00:44 log.go:56: [auth.go:99] ERROR:  http: named cookie not present
App2025/09/15 21:00:44 log.go:56: [receipts.go:147] ERROR:  parsing time "2025-09-11" as "2006-01-02T15:04:05Z07:00": cannot parse "" as "T"
App2025/09/15 21:00:44 log.go:56: [auth.go:99] ERROR:  http: named cookie not present
App2025/09/15 21:00:44 log.go:56: [receipts.go:147] ERROR:  parsing time "2025-09-10" as "2006-01-02T15:04:05Z07:00": cannot parse "" as "T"
App2025/09/15 21:00:44 log.go:56: [auth.go:99] ERROR:  http: named cookie not present
App2025/09/15 21:00:44 log.go:56: [receipts.go:147] ERROR:  parsing time "2025-09-15" as "2006-01-02T15:04:05Z07:00": cannot parse "" as "T"
App2025/09/15 21:00:44 log.go:56: [auth.go:99] ERROR:  http: named cookie not present
App2025/09/15 21:00:44 log.go:56: [receipts.go:147] ERROR:  parsing time "2025-09-09" as "2006-01-02T15:04:05Z07:00": cannot parse "" as "T"
App2025/09/15 21:00:50 log.go:56: [auth.go:99] ERROR:  http: named cookie not present
App2025/09/15 21:02:16 log.go:56: [auth.go:99] ERROR:  http: named cookie not present
App2025/09/15 21:02:16 log.go:56: [auth.go:99] ERROR:  http: named cookie not present
App2025/09/15 21:02:17 log.go:56: [auth.go:99] ERROR:  http: named cookie not present
App2025/09/15 21:02:17 log.go:56: [auth.go:99] ERROR:  http: named cookie not present
App2025/09/15 21:02:17 log.go:56: [auth.go:99] ERROR:  http: named cookie not present
App2025/09/15 21:02:17 log.go:56: [auth.go:99] ERROR:  http: named cookie not present
App2025/09/15 21:02:37 log.go:56: [auth.go:99] ERROR:  http: named cookie not present
App2025/09/15 21:03:26 log.go:56: [auth.go:99] ERROR:  http: named cookie not present
App2025/09/15 21:03:26 log.go:56: [auth.go:26] ERROR:  record not found
App2025/09/15 21:03:31 log.go:56: [auth.go:99] ERROR:  http: named cookie not present
App2025/09/15 21:05:20 log.go:56: [auth.go:99] ERROR:  http: named cookie not present
App2025/09/15 21:05:20 log.go:56: [generic_handler.go:100] ERROR:  sql: converting argument $7 type: invalid widget type
App2025/09/15 21:05:29 log.go:56: [auth.go:99] ERROR:  http: named cookie not present
App2025/09/15 21:05:29 log.go:56: [generic_handler.go:100] ERROR:  sql: converting argument $7 type: invalid widget type
App2025/09/15 21:05:35 log.go:56: [auth.go:99] ERROR:  http: named cookie not present
App2025/09/15 21:05:42 log.go:56: [auth.go:99] ERROR:  http: named cookie not present
App2025/09/15 21:05:52 log.go:56: [auth.go:99] ERROR:  http: named cookie not present
App2025/09/15 21:06:00 log.go:56: [auth.go:99] ERROR:  http: named cookie not present
App2025/09/18 13:43:11 log.go:60: [main.go:30] INFO:  Initializing...
App2025/09/18 13:43:11 log.go:60: [main.go:72] INFO:  Initializing Imagick...
App2025/09/18 13:43:11 log.go:60: [asynq_server.go:56] INFO:  Starting Asynq Server
App2025/09/18 13:43:11 log.go:60: [main.go:128] INFO:  Initialize completed
App2025/09/18 13:43:11 log.go:60: [main.go:129] INFO:  Listening on port 8081
App2025/09/18 13:43:32 log.go:56: [refresh_token.go:27] ERROR:  Refresh token not found
App2025/09/18 13:44:18 log.go:56: [generic_handler.go:100] ERROR:  API key not found
App2025/09/18 13:44:52 log.go:56: [generic_handler.go:100] ERROR:  API key not found
App2025/09/18 15:06:02 log.go:60: [main.go:30] INFO:  Initializing...
App2025/09/18 15:06:03 log.go:60: [main.go:72] INFO:  Initializing Imagick...
App2025/09/18 15:06:03 log.go:60: [asynq_server.go:56] INFO:  Starting Asynq Server
App2025/09/18 15:06:03 log.go:60: [main.go:128] INFO:  Initialize completed
App2025/09/18 15:06:03 log.go:60: [main.go:129] INFO:  Listening on port 8081
App2025/09/18 15:06:42 log.go:56: [generic_handler.go:100] ERROR:  API key not found
App2025/09/18 15:07:01 log.go:60: [main.go:30] INFO:  Initializing...
App2025/09/18 15:07:01 log.go:60: [main.go:72] INFO:  Initializing Imagick...
App2025/09/18 15:07:01 log.go:60: [asynq_server.go:56] INFO:  Starting Asynq Server
App2025/09/18 15:07:01 log.go:60: [main.go:128] INFO:  Initialize completed
App2025/09/18 15:07:01 log.go:60: [main.go:129] INFO:  Listening on port 8081
App2025/09/18 15:07:07 log.go:56: [generic_handler.go:100] ERROR:  API key not found
App2025/09/22 12:04:57 log.go:60: [main.go:30] INFO:  Initializing...
App2025/09/22 12:04:57 log.go:60: [main.go:72] INFO:  Initializing Imagick...
App2025/09/22 12:04:57 log.go:60: [asynq_server.go:56] INFO:  Starting Asynq Server
App2025/09/22 12:04:57 log.go:60: [main.go:128] INFO:  Initialize completed
App2025/09/22 12:04:57 log.go:60: [main.go:129] INFO:  Listening on port 8081
App2025/09/22 12:06:55 log.go:56: [refresh_token.go:27] ERROR:  Refresh token not found
App2025/09/22 12:10:37 log.go:56: [generic_handler.go:100] ERROR:  API key not found
App2025/09/22 12:13:51 log.go:56: [generic_handler.go:100] ERROR:  API key not found
App2025/09/22 12:24:32 log.go:60: [main.go:30] INFO:  Initializing...
App2025/09/22 12:24:32 log.go:60: [main.go:72] INFO:  Initializing Imagick...
App2025/09/22 12:24:32 log.go:60: [asynq_server.go:56] INFO:  Starting Asynq Server
App2025/09/22 12:24:32 log.go:60: [main.go:128] INFO:  Initialize completed
App2025/09/22 12:24:32 log.go:60: [main.go:129] INFO:  Listening on port 8081
App2025/09/22 12:36:57 log.go:60: [main.go:30] INFO:  Initializing...
App2025/09/22 12:36:57 log.go:51: [config.go:60] FATAL:  ENCRYPTION_KEY not set please, generate an Encryption Key of any length, and set it to continue
App2025/09/22 12:37:03 log.go:60: [main.go:30] INFO:  Initializing...
App2025/09/22 12:37:03 log.go:60: [main.go:72] INFO:  Initializing Imagick...
App2025/09/22 12:37:03 log.go:60: [asynq_server.go:56] INFO:  Starting Asynq Server
App2025/09/22 12:37:03 log.go:60: [main.go:128] INFO:  Initialize completed
App2025/09/22 12:37:03 log.go:60: [main.go:129] INFO:  Listening on port 8081
App2025/09/22 12:37:25 log.go:56: [refresh_token.go:77] ERROR:  Refresh token has been used already.
App2025/09/22 13:27:37 log.go:56: [refresh_token.go:77] ERROR:  Refresh token has been used already.
App2025/09/22 13:27:37 log.go:56: [auth.go:99] ERROR:  http: named cookie not present
App2025/09/22 13:27:37 log.go:56: [auth.go:99] ERROR:  http: named cookie not present
App2025/09/22 13:27:37 log.go:56: [auth.go:99] ERROR:  http: named cookie not present
App2025/09/22 13:27:37 log.go:56: [auth.go:99] ERROR:  http: named cookie not present
App2025/09/22 13:27:37 log.go:56: [auth.go:99] ERROR:  http: named cookie not present
App2025/09/22 13:27:38 log.go:56: [auth.go:99] ERROR:  http: named cookie not present
App2025/09/22 13:51:25 log.go:56: [refresh_token.go:27] ERROR:  Refresh token not found
App2025/09/22 13:58:17 log.go:56: [refresh_token.go:27] ERROR:  Refresh token not found
App2025/09/22 13:59:07 log.go:60: [main.go:30] INFO:  Initializing...
App2025/09/22 13:59:07 log.go:60: [main.go:72] INFO:  Initializing Imagick...
App2025/09/22 13:59:07 log.go:60: [asynq_server.go:56] INFO:  Starting Asynq Server
App2025/09/22 13:59:07 log.go:60: [main.go:128] INFO:  Initialize completed
App2025/09/22 13:59:07 log.go:60: [main.go:129] INFO:  Listening on port 8081
App2025/09/22 13:59:50 log.go:56: [refresh_token.go:77] ERROR:  Refresh token has been used already.
App2025/09/22 13:59:52 log.go:56: [refresh_token.go:27] ERROR:  Refresh token not found
App2025/09/22 14:00:24 log.go:56: [refresh_token.go:77] ERROR:  Refresh token has been used already.
App2025/09/22 14:00:39 log.go:56: [generic_handler.go:100] ERROR:  API key not found
App2025/09/22 15:10:55 log.go:60: [main.go:31] INFO:  Initializing...
App2025/09/22 15:10:55 log.go:60: [main.go:73] INFO:  Initializing Imagick...
App2025/09/22 15:10:55 log.go:60: [asynq_server.go:56] INFO:  Starting Asynq Server
App2025/09/22 15:10:55 log.go:60: [main.go:129] INFO:  Initialize completed
App2025/09/22 15:10:55 log.go:60: [main.go:130] INFO:  Listening on port 8081
App2025/09/22 15:11:05 log.go:56: [generic_handler.go:100] ERROR:  invalid column
App2025/09/22 15:11:07 log.go:56: [generic_handler.go:100] ERROR:  invalid column
App2025/09/22 15:11:26 log.go:60: [main.go:31] INFO:  Initializing...
App2025/09/22 15:11:26 log.go:60: [main.go:73] INFO:  Initializing Imagick...
App2025/09/22 15:11:26 log.go:60: [asynq_server.go:56] INFO:  Starting Asynq Server
App2025/09/22 15:11:26 log.go:60: [main.go:129] INFO:  Initialize completed
App2025/09/22 15:11:26 log.go:60: [main.go:130] INFO:  Listening on port 8081
App2025/09/22 15:11:41 log.go:56: [generic_handler.go:100] ERROR:  invalid column
App2025/09/22 15:11:46 log.go:56: [generic_handler.go:100] ERROR:  invalid column
App2025/09/22 15:12:02 log.go:56: [generic_handler.go:100] ERROR:  invalid column
App2025/09/22 15:12:05 log.go:56: [generic_handler.go:100] ERROR:  invalid column
App2025/09/22 15:12:13 log.go:56: [generic_handler.go:100] ERROR:  invalid column
App2025/09/22 15:12:15 log.go:56: [generic_handler.go:100] ERROR:  invalid column
App2025/09/22 15:13:18 log.go:56: [generic_handler.go:100] ERROR:  invalid column
App2025/09/22 15:13:18 log.go:56: [generic_handler.go:100] ERROR:  invalid column
App2025/09/22 15:14:35 log.go:60: [main.go:31] INFO:  Initializing...
App2025/09/22 15:14:35 log.go:60: [main.go:73] INFO:  Initializing Imagick...
App2025/09/22 15:14:35 log.go:60: [asynq_server.go:56] INFO:  Starting Asynq Server
App2025/09/22 15:14:35 log.go:60: [main.go:129] INFO:  Initialize completed
App2025/09/22 15:14:35 log.go:60: [main.go:130] INFO:  Listening on port 8081
App2025/09/22 15:14:38 log.go:56: [generic_handler.go:100] ERROR:  invalid column
App2025/09/22 15:14:41 log.go:56: [generic_handler.go:100] ERROR:  invalid column
App2025/09/22 15:14:59 log.go:56: [refresh_token.go:77] ERROR:  Refresh token has been used already.
App2025/09/22 15:15:00 log.go:56: [auth.go:99] ERROR:  http: named cookie not present
App2025/09/22 15:15:00 log.go:56: [auth.go:99] ERROR:  http: named cookie not present
App2025/09/22 15:15:00 log.go:56: [auth.go:99] ERROR:  http: named cookie not present
App2025/09/22 15:15:00 log.go:56: [auth.go:99] ERROR:  http: named cookie not present
App2025/09/22 15:15:00 log.go:56: [auth.go:99] ERROR:  http: named cookie not present
App2025/09/22 15:15:04 log.go:56: [auth.go:99] ERROR:  http: named cookie not present
App2025/09/22 15:15:05 log.go:56: [auth.go:99] ERROR:  http: named cookie not present
App2025/09/22 15:15:09 log.go:56: [auth.go:99] ERROR:  http: named cookie not present
App2025/09/22 15:15:09 log.go:56: [auth.go:99] ERROR:  http: named cookie not present
App2025/09/22 15:15:13 log.go:56: [refresh_token.go:27] ERROR:  Refresh token not found
App2025/09/22 15:15:13 log.go:56: [refresh_token.go:27] ERROR:  Refresh token not found
App2025/09/22 15:15:23 log.go:56: [refresh_token.go:27] ERROR:  Refresh token not found
App2025/09/22 15:16:12 log.go:56: [refresh_token.go:77] ERROR:  Refresh token has been used already.
App2025/09/22 15:16:29 log.go:56: [refresh_token.go:77] ERROR:  Refresh token has been used already.
App2025/10/02 11:34:45 log.go:60: [main.go:31] INFO:  Initializing...
App2025/10/02 11:34:45 log.go:51: [config.go:60] FATAL:  ENCRYPTION_KEY not set please, generate an Encryption Key of any length, and set it to continue
App2025/10/02 11:34:51 log.go:60: [main.go:31] INFO:  Initializing...
App2025/10/02 11:34:51 log.go:60: [main.go:73] INFO:  Initializing Imagick...
App2025/10/02 11:34:51 log.go:60: [asynq_server.go:56] INFO:  Starting Asynq Server
App2025/10/02 11:34:51 log.go:60: [main.go:129] INFO:  Initialize completed
App2025/10/02 11:34:51 log.go:60: [main.go:130] INFO:  Listening on port 8081
App2025/10/02 11:50:50 log.go:56: [auth.go:99] ERROR:  http: named cookie not present
App2025/10/02 11:50:50 log.go:56: [auth.go:52] ERROR:  could not parse the token: invalid character '\x05' looking for beginning of value
App2025/10/02 11:50:51 log.go:56: [auth.go:99] ERROR:  http: named cookie not present
App2025/10/02 11:50:51 log.go:56: [auth.go:52] ERROR:  could not parse the token: invalid character '\x05' looking for beginning of value
App2025/10/02 11:50:51 log.go:56: [auth.go:99] ERROR:  http: named cookie not present
App2025/10/02 11:50:51 log.go:56: [auth.go:52] ERROR:  could not parse the token: invalid character '\x05' looking for beginning of value
App2025/10/02 11:52:05 log.go:60: [main.go:31] INFO:  Initializing...
App2025/10/02 11:52:05 log.go:60: [main.go:73] INFO:  Initializing Imagick...
App2025/10/02 11:52:05 log.go:60: [asynq_server.go:56] INFO:  Starting Asynq Server
App2025/10/02 11:52:05 log.go:60: [main.go:129] INFO:  Initialize completed
App2025/10/02 11:52:05 log.go:60: [main.go:130] INFO:  Listening on port 8081
App2025/10/02 11:52:10 log.go:56: [auth.go:100] ERROR:  http: named cookie not present
App2025/10/02 11:52:10 log.go:56: [auth.go:53] ERROR:  could not parse the token: invalid character '\x05' looking for beginning of value
App2025/10/02 11:56:16 log.go:60: [main.go:31] INFO:  Initializing...
App2025/10/02 11:56:16 log.go:60: [main.go:73] INFO:  Initializing Imagick...
App2025/10/02 11:56:16 log.go:60: [asynq_server.go:56] INFO:  Starting Asynq Server
App2025/10/02 11:56:16 log.go:60: [main.go:129] INFO:  Initialize completed
App2025/10/02 11:56:16 log.go:60: [main.go:130] INFO:  Listening on port 8081
App2025/10/02 11:56:35 log.go:56: [auth.go:100] ERROR:  http: named cookie not present
App2025/10/02 11:56:35 log.go:56: [auth.go:100] ERROR:  http: named cookie not present
App2025/10/02 11:56:37 log.go:56: [auth.go:100] ERROR:  http: named cookie not present
App2025/10/02 11:56:37 log.go:56: [auth.go:100] ERROR:  http: named cookie not present
App2025/10/02 12:01:14 log.go:56: [refresh_token.go:27] ERROR:  Refresh token not found
App2025/10/02 12:09:57 log.go:60: [main.go:31] INFO:  Initializing...
App2025/10/02 12:09:57 log.go:60: [main.go:73] INFO:  Initializing Imagick...
App2025/10/02 12:09:57 log.go:60: [asynq_server.go:56] INFO:  Starting Asynq Server
App2025/10/02 12:09:57 log.go:60: [main.go:129] INFO:  Initialize completed
App2025/10/02 12:09:57 log.go:60: [main.go:130] INFO:  Listening on port 8081
App2025/10/02 12:09:58 log.go:56: [auth.go:100] ERROR:  http: named cookie not present
App2025/10/02 12:09:59 log.go:56: [auth.go:100] ERROR:  http: named cookie not present
App2025/10/02 12:10:18 log.go:56: [auth.go:100] ERROR:  http: named cookie not present
App2025/10/02 12:10:21 log.go:56: [auth.go:100] ERROR:  http: named cookie not present
App2025/10/02 12:10:23 log.go:56: [auth.go:100] ERROR:  http: named cookie not present
App2025/10/02 12:10:23 log.go:56: [auth.go:100] ERROR:  http: named cookie not present
App2025/10/02 12:10:23 log.go:56: [auth.go:100] ERROR:  http: named cookie not present
App2025/10/02 12:10:24 log.go:56: [auth.go:100] ERROR:  http: named cookie not present
App2025/10/02 12:10:24 log.go:56: [auth.go:100] ERROR:  http: named cookie not present
App2025/10/02 12:10:26 log.go:56: [auth.go:100] ERROR:  http: named cookie not present
App2025/10/02 12:22:57 log.go:56: [auth.go:100] ERROR:  http: named cookie not present
App2025/10/02 12:23:00 log.go:56: [auth.go:100] ERROR:  http: named cookie not present
App2025/10/02 12:23:01 log.go:56: [auth.go:100] ERROR:  http: named cookie not present
App2025/10/02 12:23:01 log.go:56: [auth.go:100] ERROR:  http: named cookie not present
App2025/10/02 12:23:01 log.go:56: [auth.go:100] ERROR:  http: named cookie not present
App2025/10/02 12:23:02 log.go:56: [auth.go:100] ERROR:  http: named cookie not present
App2025/10/02 12:23:02 log.go:56: [auth.go:100] ERROR:  http: named cookie not present
App2025/10/02 14:44:30 log.go:60: [main.go:31] INFO:  Initializing...
App2025/10/02 14:44:30 log.go:51: [config.go:60] FATAL:  ENCRYPTION_KEY not set please, generate an Encryption Key of any length, and set it to continue
App2025/10/02 14:46:41 log.go:60: [main.go:31] INFO:  Initializing...
App2025/10/02 14:46:41 log.go:51: [config.go:60] FATAL:  ENCRYPTION_KEY not set please, generate an Encryption Key of any length, and set it to continue
App2025/10/02 14:46:46 log.go:60: [main.go:31] INFO:  Initializing...
App2025/10/02 14:46:46 log.go:60: [main.go:73] INFO:  Initializing Imagick...
App2025/10/02 14:46:46 log.go:60: [asynq_server.go:56] INFO:  Starting Asynq Server
App2025/10/02 14:46:46 log.go:60: [main.go:129] INFO:  Initialize completed
App2025/10/02 14:46:46 log.go:60: [main.go:130] INFO:  Listening on port 8081
App2025/10/02 14:46:46 log.go:51: [main.go:135] FATAL:  listen tcp 0.0.0.0:8081: bind: address already in use
App2025/10/02 14:46:56 log.go:60: [main.go:31] INFO:  Initializing...
App2025/10/02 14:46:57 log.go:60: [main.go:73] INFO:  Initializing Imagick...
App2025/10/02 14:46:57 log.go:60: [asynq_server.go:56] INFO:  Starting Asynq Server
App2025/10/02 14:46:57 log.go:60: [main.go:129] INFO:  Initialize completed
App2025/10/02 14:46:57 log.go:60: [main.go:130] INFO:  Listening on port 8081
App2025/10/02 15:03:38 log.go:60: [main.go:31] INFO:  Initializing...
App2025/10/02 15:03:38 log.go:60: [main.go:73] INFO:  Initializing Imagick...
App2025/10/02 15:03:38 log.go:60: [asynq_server.go:56] INFO:  Starting Asynq Server
App2025/10/02 15:03:38 log.go:60: [main.go:129] INFO:  Initialize completed
App2025/10/02 15:03:38 log.go:60: [main.go:130] INFO:  Listening on port 8081
App2025/10/02 15:10:30 log.go:56: [generic_handler.go:100] ERROR:  json: cannot unmarshal number into Go struct field UpsertReceiptCommand.categories of type commands.UpsertCategoryCommand
App2025/10/02 15:11:14 log.go:56: [generic_handler.go:100] ERROR:  json: cannot unmarshal string into Go struct field UpsertReceiptCommand.categories of type commands.UpsertCategoryCommand
App2025/10/02 15:26:11 log.go:60: [main.go:31] INFO:  Initializing...
App2025/10/02 15:26:11 log.go:60: [main.go:73] INFO:  Initializing Imagick...
App2025/10/02 15:26:11 log.go:60: [asynq_server.go:56] INFO:  Starting Asynq Server
App2025/10/02 15:26:11 log.go:60: [main.go:129] INFO:  Initialize completed
App2025/10/02 15:26:11 log.go:60: [main.go:130] INFO:  Listening on port 8081
App2025/10/02 15:26:11 log.go:51: [main.go:135] FATAL:  listen tcp 0.0.0.0:8081: bind: address already in use
App2025/10/02 15:26:17 log.go:60: [main.go:31] INFO:  Initializing...
App2025/10/02 15:26:17 log.go:60: [main.go:73] INFO:  Initializing Imagick...
App2025/10/02 15:26:17 log.go:60: [asynq_server.go:56] INFO:  Starting Asynq Server
App2025/10/02 15:26:17 log.go:60: [main.go:129] INFO:  Initialize completed
App2025/10/02 15:26:17 log.go:60: [main.go:130] INFO:  Listening on port 8081
App2025/10/14 12:04:55 log.go:60: [main.go:31] INFO:  Initializing...
App2025/10/14 12:04:55 log.go:60: [main.go:73] INFO:  Initializing Imagick...
App2025/10/14 12:04:55 log.go:60: [asynq_server.go:56] INFO:  Starting Asynq Server
App2025/10/14 12:04:55 log.go:60: [main.go:129] INFO:  Initialize completed
App2025/10/14 12:04:55 log.go:60: [main.go:130] INFO:  Listening on port 8081
App2025/10/14 12:05:43 log.go:56: [refresh_token.go:27] ERROR:  Refresh token not found
App2025/10/14 12:34:55 log.go:60: [email.go:90] INFO:  No group settings enabled for email polling
App2025/10/14 12:55:45 log.go:56: [generic_handler.go:100] ERROR:  constraint failed: FOREIGN KEY constraint failed (787)
App2025/10/14 12:56:44 log.go:56: [generic_handler.go:100] ERROR:  constraint failed: FOREIGN KEY constraint failed (787)
App2025/10/14 12:56:47 log.go:56: [generic_handler.go:100] ERROR:  constraint failed: FOREIGN KEY constraint failed (787)
App2025/10/14 12:57:36 log.go:56: [generic_handler.go:100] ERROR:  constraint failed: FOREIGN KEY constraint failed (787)
App2025/10/14 12:57:39 log.go:56: [generic_handler.go:100] ERROR:  constraint failed: FOREIGN KEY constraint failed (787)
App2025/11/06 04:47:51 log.go:60: [main.go:31] INFO:  Initializing...
App2025/11/06 04:47:51 log.go:60: [main.go:73] INFO:  Initializing Imagick...
App2025/11/06 04:47:51 log.go:60: [asynq_server.go:56] INFO:  Starting Asynq Server
App2025/11/06 04:47:51 log.go:60: [main.go:129] INFO:  Initialize completed
App2025/11/06 04:47:51 log.go:60: [main.go:130] INFO:  Listening on port 8081
App2025/11/06 04:48:09 log.go:56: [refresh_token.go:27] ERROR:  Refresh token not found
App2025/11/06 18:52:28 log.go:60: [email.go:90] INFO:  No group settings enabled for email polling
App2025/11/06 19:22:28 log.go:60: [email.go:90] INFO:  No group settings enabled for email polling
App2025/11/06 19:52:27 log.go:60: [email.go:90] INFO:  No group settings enabled for email polling
App2025/11/06 20:22:27 log.go:60: [email.go:90] INFO:  No group settings enabled for email polling
App2025/11/06 20:52:27 log.go:60: [email.go:90] INFO:  No group settings enabled for email polling
App2025/11/07 13:26:48 log.go:60: [email.go:90] INFO:  No group settings enabled for email polling
App2025/11/07 13:33:13 log.go:56: [refresh_token.go:27] ERROR:  Refresh token not found
App2025/11/07 14:46:26 log.go:60: [email.go:90] INFO:  No group settings enabled for email polling
App2025/11/07 15:16:27 log.go:60: [email.go:90] INFO:  No group settings enabled for email polling
App2025/11/07 15:46:26 log.go:60: [email.go:90] INFO:  No group settings enabled for email polling
App2025/11/07 16:16:27 log.go:60: [email.go:90] INFO:  No group settings enabled for email polling
App2025/11/07 16:46:26 log.go:60: [email.go:90] INFO:  No group settings enabled for email polling
App2025/11/07 19:34:42 log.go:60: [email.go:90] INFO:  No group settings enabled for email polling
App2025/11/07 20:25:29 log.go:60: [email.go:90] INFO:  No group settings enabled for email polling
App2025/11/07 20:55:29 log.go:60: [email.go:90] INFO:  No group settings enabled for email polling
App2025/12/18 13:05:07 log.go:60: [main.go:31] INFO:  Initializing...
App2025/12/18 13:05:07 log.go:51: [main.go:57] FATAL:  redis connection error: dial tcp 172.17.0.2:6379: connect: connection refused
App2025/12/18 13:06:59 log.go:60: [main.go:31] INFO:  Initializing...
App2025/12/18 13:07:04 log.go:51: [main.go:57] FATAL:  redis connection error: dial tcp 172.17.0.2:6379: i/o timeout
App2025/12/18 13:07:25 log.go:60: [main.go:31] INFO:  Initializing...
App2025/12/18 13:07:37 log.go:51: [main.go:57] FATAL:  redis connection error: dial tcp 172.17.0.2:6379: connect: no route to host
App2025/12/18 13:08:19 log.go:60: [main.go:31] INFO:  Initializing...
App2025/12/18 13:08:19 log.go:60: [asynq_server.go:56] INFO:  Starting Asynq Server
App2025/12/18 13:08:19 log.go:60: [main.go:73] INFO:  Initializing Imagick...
App2025/12/18 13:08:19 log.go:60: [main.go:129] INFO:  Initialize completed
App2025/12/18 13:08:19 log.go:60: [main.go:130] INFO:  Listening on port 8081
App2025/12/18 13:08:28 log.go:56: [refresh_token.go:27] ERROR:  Refresh token not found
App2025/12/18 13:12:46 log.go:56: [utils.go:23] ERROR:  {"command":"Command cannot be empty."}
App2025/12/18 13:13:01 log.go:56: [utils.go:23] ERROR:  {"command":"Command cannot be empty."}
App2025/12/18 13:14:25 log.go:60: [main.go:31] INFO:  Initializing...
App2025/12/18 13:14:25 log.go:60: [main.go:73] INFO:  Initializing Imagick...
App2025/12/18 13:14:25 log.go:60: [asynq_server.go:56] INFO:  Starting Asynq Server
App2025/12/18 13:14:25 log.go:60: [main.go:129] INFO:  Initialize completed
App2025/12/18 13:14:25 log.go:60: [main.go:130] INFO:  Listening on port 8081
App2025/12/18 13:44:25 log.go:60: [email.go:90] INFO:  No group settings enabled for email polling
App2025/12/18 14:14:25 log.go:60: [email.go:90] INFO:  No group settings enabled for email polling
App2025/12/18 14:44:25 log.go:60: [email.go:90] INFO:  No group settings enabled for email polling
App2025/12/18 15:14:25 log.go:60: [email.go:90] INFO:  No group settings enabled for email polling
App2025/12/18 15:44:25 log.go:60: [email.go:90] INFO:  No group settings enabled for email polling
App2025/12/18 16:14:25 log.go:60: [email.go:90] INFO:  No group settings enabled for email polling
App2025/12/18 16:44:25 log.go:60: [email.go:90] INFO:  No group settings enabled for email polling
App2025/12/18 17:14:25 log.go:60: [email.go:90] INFO:  No group settings enabled for email polling
App2025/12/18 17:44:25 log.go:60: [email.go:90] INFO:  No group settings enabled for email polling
App2025/12/18 18:14:25 log.go:60: [email.go:90] INFO:  No group settings enabled for email polling
App2025/12/18 18:44:25 log.go:60: [email.go:90] INFO:  No group settings enabled for email polling
App2025/12/18 19:14:25 log.go:60: [email.go:90] INFO:  No group settings enabled for email polling
App2025/12/18 19:44:25 log.go:60: [email.go:90] INFO:  No group settings enabled for email polling
App2025/12/18 20:14:25 log.go:60: [email.go:90] INFO:  No group settings enabled for email polling
App2025/12/18 20:44:25 log.go:60: [email.go:90] INFO:  No group settings enabled for email polling
App2025/12/18 21:14:25 log.go:60: [email.go:90] INFO:  No group settings enabled for email polling
App2025/12/18 21:44:25 log.go:60: [email.go:90] INFO:  No group settings enabled for email polling
App2025/12/18 22:14:25 log.go:60: [email.go:90] INFO:  No group settings enabled for email polling
App2025/12/18 22:44:25 log.go:60: [email.go:90] INFO:  No group settings enabled for email polling
App2025/12/19 13:14:10 log.go:60: [email.go:90] INFO:  No group settings enabled for email polling
App2025/12/19 13:44:09 log.go:60: [email.go:90] INFO:  No group settings enabled for email polling
App2025/12/19 14:14:10 log.go:60: [email.go:90] INFO:  No group settings enabled for email polling
App2025/12/21 20:05:13 log.go:60: [email.go:90] INFO:  No group settings enabled for email polling
App2025/12/23 00:56:40 log.go:60: [email.go:90] INFO:  No group settings enabled for email polling
App2025/12/23 01:26:39 log.go:60: [email.go:90] INFO:  No group settings enabled for email polling
App2025/12/23 01:56:39 log.go:60: [email.go:90] INFO:  No group settings enabled for email polling
App2025/12/23 02:23:05 log.go:60: [main.go:31] INFO:  Initializing...
App2025/12/23 02:23:05 log.go:60: [main.go:73] INFO:  Initializing Imagick...
App2025/12/23 02:23:05 log.go:60: [asynq_server.go:56] INFO:  Starting Asynq Server
App2025/12/23 02:23:05 log.go:60: [main.go:129] INFO:  Initialize completed
App2025/12/23 02:23:05 log.go:60: [main.go:130] INFO:  Listening on port 8081
App2025/12/23 02:23:30 log.go:56: [refresh_token.go:27] ERROR:  Refresh token not found
